C:\Program Files (x86)\Microsoft Visual Studio\2017\Community\Common7\IDE\VC\VCTargets\Microsoft.CppBuild.targets(391,5): warning MSB8028: The intermediate directory (Debug\) contains files shared from another project (FuckSolidworksCpp.vcxproj).  This can lead to incorrect clean and rebuild behavior.
  main.cpp
c:\users\prashant\documents\github\c-language-practice\fucksolidworkscpp\fucksolidworkscpp\main.cpp(18): warning C4101: 'hres': unreferenced local variable
  FuckSolidworksCpp.vcxproj -> C:\Users\prashant\Documents\GitHub\c-language-practice\FuckSolidworksCpp\Debug\SolidworksCpp.exe

Project Performance Summary:
     4186 ms  C:\Users\prashant\Documents\GitHub\c-language-practice\FuckSolidworksCpp\FuckSolidworksCpp\FuckSolidworksCpp.vcxproj   1 calls
               4186 ms  Build                                      1 calls

Target Performance Summary:
        0 ms  AfterResourceCompile                       1 calls
        0 ms  PreLinkEvent                               1 calls
        0 ms  DoLinkOutputFilesMatch                     1 calls
        0 ms  PrepareResourceNames                       1 calls
        0 ms  CreateCustomManifestResourceNames          1 calls
        0 ms  SplitResourcesByCulture                    1 calls
        0 ms  ComputeManifestInputsTargets               1 calls
        0 ms  ComputeLinkInputsFromProject               1 calls
        0 ms  ComputeCLGeneratedLinkInputs               1 calls
        0 ms  ComputeCustomBuildOutput                   1 calls
        0 ms  ComputeLinkSwitches                        1 calls
        0 ms  ComputeManifestGeneratedLinkerInputs       1 calls
        0 ms  ComputeRCOutputs                           1 calls
        0 ms  BeforeLink                                 1 calls
        0 ms  ComputeLegacyManifestEmbedding             1 calls
        0 ms  BuildLinkTraverse                          1 calls
        0 ms  BuildCompile                               1 calls
        0 ms  _BuildCompileAction                        1 calls
        0 ms  AfterBuildCompileEvent                     1 calls
        0 ms  _ResourceCompile                           1 calls
        0 ms  BeforeResourceCompile                      1 calls
        0 ms  ComputeRCGeneratedLinkInputs               1 calls
        0 ms  ComputeLinkImportLibraryOutputsForClean    1 calls
        0 ms  AfterLink                                  1 calls
        0 ms  _Link                                      1 calls
        0 ms  AfterBuild                                 1 calls
        0 ms  BuildLink                                  1 calls
        0 ms  _BuildLinkAction                           1 calls
        0 ms  PrepareForRun                              1 calls
        0 ms  CopyFilesToOutputDirectory                 1 calls
        0 ms  _CheckForCompileOutputs                    1 calls
        0 ms  _CopySourceItemsToOutputDirectory          1 calls
        0 ms  GetCopyToOutputDirectoryXamlAppDefs        1 calls
        0 ms  _Deploy                                    1 calls
        0 ms  _Appverifier                               1 calls
        0 ms  CreateSatelliteAssemblies                  1 calls
        0 ms  _GenerateSatelliteAssemblyInputs           1 calls
        0 ms  _BscMake                                   1 calls
        0 ms  MakeDirsForBscMake                         1 calls
        0 ms  ComputeCLCompileGeneratedSbrFiles          1 calls
        0 ms  _XdcMake                                   1 calls
        0 ms  MakeDirsForXdcMake                         1 calls
        0 ms  ResolvedXDCMake                            1 calls
        0 ms  RegisterOutput                             1 calls
        0 ms  _Manifest                                  1 calls
        0 ms  _ALink                                     1 calls
        0 ms  _ClCompile                                 1 calls
        0 ms  AfterClCompile                             1 calls
        0 ms  Build                                      1 calls
        0 ms  SelectClCompile                            1 calls
        0 ms  AssignProjectConfiguration                 1 calls
        0 ms  BeforeBuildGenerateSources                 1 calls
        0 ms  BuildGenerateSourcesTraverse               1 calls
        0 ms  _PrepareForReferenceResolution             1 calls
        0 ms  ResolveReferences                          1 calls
        0 ms  AfterResolveReferences                     1 calls
        0 ms  ResolveAssemblyReferences                  1 calls
        0 ms  _HandlePackageFileConflicts                1 calls
        0 ms  ExpandSDKReferences                        1 calls
        0 ms  ResolveSDKReferences                       1 calls
        0 ms  SetCABuildNativeEnvironmentVariables       1 calls
        0 ms  _CheckWindowsSDKInstalled                  1 calls
        0 ms  PlatformPrepareForBuild                    1 calls
        0 ms  GetResolvedWinMD                           1 calls
        0 ms  SetBuildDefaultEnvironmentVariables        1 calls
        0 ms  GetReferenceAssemblyPaths                  1 calls
        0 ms  ResolveProjectReferences                   1 calls
        0 ms  PrepareProjectReferences                   1 calls
        0 ms  _SplitProjectReferencesByFileExistence     1 calls
        0 ms  _SelectedFiles                             1 calls
        0 ms  CopyFileToFolders                          1 calls
        0 ms  BeforeResolveReferences                    1 calls
        0 ms  _BuildGenerateSourcesAction                1 calls
        0 ms  SelectCustomBuild                          1 calls
        0 ms  SetTelemetryEnvironmentVariables           1 calls
        0 ms  ComputeMIDLGeneratedCompileInputs          1 calls
        0 ms  AfterMidl                                  1 calls
        0 ms  ComputeReferenceCLInput                    1 calls
        0 ms  MakeDirsForCl                              1 calls
        0 ms  _Midl                                      1 calls
        0 ms  AfterBuildGenerateSources                  1 calls
        0 ms  AfterBuildGenerateSourcesEvent             1 calls
        0 ms  FixupCLCompileOptions                      1 calls
        0 ms  BuildGenerateSources                       1 calls
        0 ms  BuildCompileTraverse                       1 calls
        0 ms  ComputeCLInputPDBName                      1 calls
        0 ms  _Xsd                                       1 calls
        0 ms  BeforeClCompile                            1 calls
        1 ms  AssignTargetPaths                          1 calls
        1 ms  GetCopyToOutputDirectoryItems              1 calls
        1 ms  _GetProjectReferenceTargetFrameworkProperties   1 calls
        1 ms  MakeDirsForResourceCompile                 1 calls
        1 ms  GetFrameworkPaths                          1 calls
        1 ms  PostBuildEvent                             1 calls
        1 ms  ComputeCLCompileGeneratedXDCFiles          1 calls
        1 ms  ComputeCLOutputs                           1 calls
        1 ms  _PrepareForBuild                           1 calls
        1 ms  MakeDirsForMidl                            1 calls
        1 ms  MakeDirsForLink                            1 calls
        1 ms  FinalizeBuildStatus                        1 calls
        1 ms  PreBuildEvent                              1 calls
        2 ms  _CheckForInvalidConfigurationAndPlatform   1 calls
        3 ms  InitializeBuildStatus                      1 calls
        3 ms  PrepareForBuild                            1 calls
        5 ms  WarnCompileDuplicatedFilename              1 calls
      608 ms  Link                                       1 calls
     3538 ms  ClCompile                                  1 calls

Task Performance Summary:
        0 ms  SetEnv                                     8 calls
        0 ms  AssignProjectConfiguration                 1 calls
        0 ms  MSBuild                                    1 calls
        0 ms  MakeDir                                    9 calls
        0 ms  VCMessage                                  1 calls
        0 ms  ResolvePackageFileConflicts                1 calls
        0 ms  GetOutOfDateItems                          1 calls
        0 ms  AssignTargetPath                           6 calls
        0 ms  AssignCulture                              1 calls
        0 ms  Delete                                     1 calls
        1 ms  Message                                    3 calls
        1 ms  ReadLinesFromFile                          1 calls
        1 ms  WriteLinesToFile                           1 calls
        2 ms  Touch                                      2 calls
      606 ms  Link                                       1 calls
     3538 ms  CL                                         1 calls
