  maincpp.cpp
c:\users\prashant\documents\github\cpp-projects\sampleguiapplication\sampleguiapplication\maincpp.cpp(149): warning C4554: '|': check operator precedence for possible error; use parentheses to clarify precedence
c:\users\prashant\documents\github\cpp-projects\sampleguiapplication\sampleguiapplication\maincpp.cpp(99): warning C4715: 'WinMain': not all control paths return a value
c:\users\prashant\documents\github\cpp-projects\sampleguiapplication\sampleguiapplication\maincpp.cpp(214): warning C4715: 'WindowProcedure': not all control paths return a value
c:\users\prashant\documents\github\cpp-projects\sampleguiapplication\sampleguiapplication\maincpp.cpp(366): warning C4715: 'DialogProcedure': not all control paths return a value
  SampleGUIApplication.vcxproj -> C:\Users\prashant\Documents\GitHub\Cpp-Projects\SampleGUIApplication\Debug\SampleGUIApplication.exe

Project Performance Summary:
     4333 ms  C:\Users\prashant\Documents\GitHub\Cpp-Projects\SampleGUIApplication\SampleGUIApplication\SampleGUIApplication.vcxproj   1 calls
               4333 ms  Build                                      1 calls

Target Performance Summary:
        0 ms  AfterResourceCompile                       1 calls
        0 ms  DoLinkOutputFilesMatch                     1 calls
        0 ms  PrepareResourceNames                       1 calls
        0 ms  CreateCustomManifestResourceNames          1 calls
        0 ms  AssignTargetPaths                          1 calls
        0 ms  ComputeLinkInputsFromProject               1 calls
        0 ms  ComputeCLGeneratedLinkInputs               1 calls
        0 ms  ComputeCustomBuildOutput                   1 calls
        0 ms  ComputeManifestGeneratedLinkerInputs       1 calls
        0 ms  ComputeRCGeneratedLinkInputs               1 calls
        0 ms  PreLinkEvent                               1 calls
        0 ms  ComputeRCOutputs                           1 calls
        0 ms  ComputeLegacyManifestEmbedding             1 calls
        0 ms  BuildLinkTraverse                          1 calls
        0 ms  BuildCompile                               1 calls
        0 ms  _BuildCompileAction                        1 calls
        0 ms  AfterBuildCompileEvent                     1 calls
        0 ms  _ResourceCompile                           1 calls
        0 ms  MakeDirsForResourceCompile                 1 calls
        0 ms  BeforeResourceCompile                      1 calls
        0 ms  _ClCompile                                 1 calls
        0 ms  BeforeLink                                 1 calls
        0 ms  AfterClCompile                             1 calls
        0 ms  AfterLink                                  1 calls
        0 ms  _ALink                                     1 calls
        0 ms  AfterBuild                                 1 calls
        0 ms  BuildLink                                  1 calls
        0 ms  _BuildLinkAction                           1 calls
        0 ms  PrepareForRun                              1 calls
        0 ms  CopyFilesToOutputDirectory                 1 calls
        0 ms  _CheckForCompileOutputs                    1 calls
        0 ms  _CopySourceItemsToOutputDirectory          1 calls
        0 ms  GetCopyToOutputDirectoryXamlAppDefs        1 calls
        0 ms  _Deploy                                    1 calls
        0 ms  _Link                                      1 calls
        0 ms  _Appverifier                               1 calls
        0 ms  _GenerateSatelliteAssemblyInputs           1 calls
        0 ms  _BscMake                                   1 calls
        0 ms  MakeDirsForBscMake                         1 calls
        0 ms  _XdcMake                                   1 calls
        0 ms  MakeDirsForXdcMake                         1 calls
        0 ms  ComputeCLCompileGeneratedXDCFiles          1 calls
        0 ms  ResolvedXDCMake                            1 calls
        0 ms  RegisterOutput                             1 calls
        0 ms  _Manifest                                  1 calls
        0 ms  CreateSatelliteAssemblies                  1 calls
        0 ms  SelectClCompile                            1 calls
        0 ms  Build                                      1 calls
        0 ms  BuildGenerateSourcesTraverse               1 calls
        0 ms  PreBuildEvent                              1 calls
        0 ms  BeforeBuildGenerateSources                 1 calls
        0 ms  _PrepareForBuild                           1 calls
        0 ms  SelectCustomBuild                          1 calls
        0 ms  ResolveReferences                          1 calls
        0 ms  AfterResolveReferences                     1 calls
        0 ms  ResolveAssemblyReferences                  1 calls
        0 ms  ExpandSDKReferences                        1 calls
        0 ms  ResolveSDKReferences                       1 calls
        0 ms  _CheckWindowsSDKInstalled                  1 calls
        0 ms  PlatformPrepareForBuild                    1 calls
        0 ms  GetResolvedWinMD                           1 calls
        0 ms  GetReferenceAssemblyPaths                  1 calls
        0 ms  PrepareProjectReferences                   1 calls
        0 ms  _SplitProjectReferencesByFileExistence     1 calls
        0 ms  _SelectedFiles                             1 calls
        0 ms  _Xsd                                       1 calls
        0 ms  BeforeResolveReferences                    1 calls
        0 ms  BuildCompileTraverse                       1 calls
        0 ms  BeforeClCompile                            1 calls
        0 ms  BuildGenerateSources                       1 calls
        0 ms  _BuildGenerateSourcesAction                1 calls
        0 ms  AfterBuildGenerateSourcesEvent             1 calls
        0 ms  _Midl                                      1 calls
        0 ms  AfterBuildGenerateSources                  1 calls
        0 ms  AfterMidl                                  1 calls
        0 ms  ComputeMIDLGeneratedCompileInputs          1 calls
        0 ms  MakeDirsForMidl                            1 calls
        0 ms  ComputeCLInputPDBName                      1 calls
        1 ms  FixupCLCompileOptions                      1 calls
        1 ms  PostBuildEvent                             1 calls
        1 ms  ComputeCLCompileGeneratedSbrFiles          1 calls
        1 ms  GetFrameworkPaths                          1 calls
        1 ms  _GetProjectReferenceTargetFrameworkProperties   1 calls
        1 ms  WarnCompileDuplicatedFilename              1 calls
        1 ms  SetBuildDefaultEnvironmentVariables        1 calls
        1 ms  MakeDirsForCl                              1 calls
        1 ms  ComputeReferenceCLInput                    1 calls
        1 ms  GetCopyToOutputDirectoryItems              1 calls
        1 ms  ComputeLinkSwitches                        1 calls
        1 ms  ComputeCLOutputs                           1 calls
        1 ms  _PrepareForReferenceResolution             1 calls
        1 ms  ComputeLinkImportLibraryOutputsForClean    1 calls
        1 ms  MakeDirsForLink                            1 calls
        1 ms  SplitResourcesByCulture                    1 calls
        1 ms  ComputeManifestInputsTargets               1 calls
        1 ms  SetCABuildNativeEnvironmentVariables       1 calls
        2 ms  FinalizeBuildStatus                        1 calls
        2 ms  AssignProjectConfiguration                 1 calls
        6 ms  PrepareForBuild                            1 calls
        7 ms  InitializeBuildStatus                      1 calls
        8 ms  CopyFileToFolders                          1 calls
        9 ms  SetTelemetryEnvironmentVariables           1 calls
       12 ms  _CheckForInvalidConfigurationAndPlatform   1 calls
       22 ms  _HandlePackageFileConflicts                1 calls
       24 ms  ResolveProjectReferences                   1 calls
     1804 ms  Link                                       1 calls
     2412 ms  ClCompile                                  1 calls

Task Performance Summary:
        0 ms  AssignTargetPath                           6 calls
        0 ms  AssignCulture                              1 calls
        1 ms  MSBuild                                    1 calls
        1 ms  WriteLinesToFile                           1 calls
        1 ms  Delete                                     1 calls
        2 ms  Message                                    3 calls
        2 ms  AssignProjectConfiguration                 1 calls
        2 ms  MakeDir                                    9 calls
        2 ms  ReadLinesFromFile                          1 calls
        3 ms  SetEnv                                     8 calls
        4 ms  Touch                                      2 calls
        7 ms  GetOutOfDateItems                          1 calls
       19 ms  ResolvePackageFileConflicts                1 calls
     1804 ms  Link                                       1 calls
     2411 ms  CL                                         1 calls
